2025-05-26 15:44:06,555 - INFO - Successfully converted C:/Users/Laptop/Documents/DBMS ASSIGNMENT[1].docx to C:\Users\Laptop\Downloads\saeedOS\converted_files\DBMS ASSIGNMENT[1].pdf
2025-05-26 15:44:40,219 - INFO - Successfully converted C:/Users/Laptop/Documents/DBMS ASSIGNMENT[1].docx to C:\Users\Laptop\Downloads\saeedOS\converted_files\DBMS ASSIGNMENT[1].txt
2025-05-26 15:44:50,286 - INFO - Successfully converted C:/Users/Laptop/Documents/DBMS ASSIGNMENT[1].docx to C:\Users\Laptop\Downloads\saeedOS\converted_files\DBMS ASSIGNMENT[1].html
2025-05-26 16:04:52,560 - INFO - Successfully converted C:/Users/Laptop/Pictures/coca-cola.webp to C:\Users\Laptop\Downloads\saeedOS\converted_files\coca-cola.png
2025-05-26 16:05:09,535 - INFO - Successfully converted C:/Users/Laptop/Pictures/coca-cola.webp to C:\Users\Laptop\Downloads\saeedOS\converted_files\coca-cola.pdf
2025-05-26 16:39:52,654 - WARNING - CropBox missing from /Page, defaulting to MediaBox
2025-05-26 16:39:52,656 - WARNING - CropBox missing from /Page, defaulting to MediaBox
2025-05-26 16:39:52,657 - WARNING - CropBox missing from /Page, defaulting to MediaBox
2025-05-26 16:39:52,658 - WARNING - CropBox missing from /Page, defaulting to MediaBox
2025-05-26 16:39:52,659 - WARNING - CropBox missing from /Page, defaulting to MediaBox
2025-05-26 16:39:52,659 - WARNING - CropBox missing from /Page, defaulting to MediaBox
2025-05-26 16:39:52,660 - WARNING - CropBox missing from /Page, defaulting to MediaBox
2025-05-26 16:39:52,662 - WARNING - CropBox missing from /Page, defaulting to MediaBox
2025-05-26 16:39:52,685 - WARNING - CropBox missing from /Page, defaulting to MediaBox
2025-05-26 16:39:52,686 - WARNING - CropBox missing from /Page, defaulting to MediaBox
2025-05-26 16:39:52,686 - WARNING - CropBox missing from /Page, defaulting to MediaBox
2025-05-26 16:39:52,686 - WARNING - CropBox missing from /Page, defaulting to MediaBox
2025-05-26 16:39:52,686 - WARNING - CropBox missing from /Page, defaulting to MediaBox
2025-05-26 16:39:52,687 - WARNING - CropBox missing from /Page, defaulting to MediaBox
2025-05-26 16:39:52,687 - WARNING - CropBox missing from /Page, defaulting to MediaBox
2025-05-26 16:39:52,687 - WARNING - CropBox missing from /Page, defaulting to MediaBox
2025-05-26 16:39:52,688 - INFO - Successfully converted C:/Users/Laptop/Downloads/dbmss/DBMS03.pdf to C:\Users\Laptop\Downloads\saeedOS\converted_files\DBMS03.txt
2025-05-26 16:47:00,808 - INFO - Successfully converted C:/Users/Laptop/Pictures/3.13.png to C:\Users\Laptop\Downloads\saeedOS\converted_files\3.13.jpg
2025-05-26 16:54:24,348 - INFO - Successfully converted C:/Users/Laptop/Pictures/1.jpg to C:\Users\Laptop\Downloads\saeedOS\converted_files\1.pdf
2025-05-26 16:54:24,381 - INFO - Successfully converted C:/Users/Laptop/Pictures/2.jpg to C:\Users\Laptop\Downloads\saeedOS\converted_files\2.pdf
2025-05-26 16:54:24,412 - INFO - Successfully converted C:/Users/Laptop/Pictures/WhatsApp Image 2025-05-12 at 15.48.58_c451306c.jpg to C:\Users\Laptop\Downloads\saeedOS\converted_files\WhatsApp Image 2025-05-12 at 15.48.58_c451306c.pdf
